2020-06-19 11:35:23 info: // STARTING APP
2020-06-19 11:35:23 info: // ========================
2020-06-19 11:35:23 info: App just started. Calling the Telegram BOT
2020-06-19 11:35:23 error: uncaughtException: 401: Bot Token is required
Error: 401: Bot Token is required
    at Telegram.callApi (/home/zaqueo/dev/lyris-it-support-bot/node_modules/telegraf/core/network/client.js:257:13)
    at Telegram.getMe (/home/zaqueo/dev/lyris-it-support-bot/node_modules/telegraf/telegram.js:6:17)
    at Telegraf.launch (/home/zaqueo/dev/lyris-it-support-bot/node_modules/telegraf/telegraf.js:102:26)
    at Object.<anonymous> (/home/zaqueo/dev/lyris-it-support-bot/index.js:17:5)
    at Module._compile (internal/modules/cjs/loader.js:778:30)
    at Object.Module._extensions..js (internal/modules/cjs/loader.js:789:10)
    at Module.load (internal/modules/cjs/loader.js:653:32)
    at tryModuleLoad (internal/modules/cjs/loader.js:593:12)
    at Function.Module._load (internal/modules/cjs/loader.js:585:3)
    at Function.Module.runMain (internal/modules/cjs/loader.js:831:12)
2020-06-19 11:35:30 info: // STARTING APP
2020-06-19 11:35:30 info: // ========================
2020-06-19 11:35:30 info: App just started. Calling the Telegram BOT
2020-06-19 11:35:33 info: Received kill signal, shutting down gracefully
2020-06-19 11:35:37 info: Received kill signal, shutting down gracefully
2020-06-19 11:35:37 info: Received kill signal, shutting down gracefully
2020-06-19 11:44:19 info: // STARTING APP
2020-06-19 11:44:19 info: // ========================
2020-06-19 11:44:19 info: App just started. Calling the Telegram BOT
2020-06-19 11:45:02 info: Received kill signal, shutting down gracefully
2020-06-19 11:49:51 info: // STARTING APP
2020-06-19 11:49:51 info: // ========================
2020-06-19 11:49:51 info: App just started. Calling the Telegram BOT
2020-06-19 11:49:51 info: App listening to port 9999
2020-06-19 12:22:48 info: Received kill signal, shutting down gracefully
2020-06-19 12:22:52 info: // STARTING APP
2020-06-19 12:22:52 info: // ========================
2020-06-19 12:22:52 info: App just started. Calling the Telegram BOT
2020-06-19 12:22:52 info: App listening to port 9999
2020-06-19 12:24:54 info: Received kill signal, shutting down gracefully
2020-06-19 12:25:12 info: // STARTING APP
2020-06-19 12:25:12 info: // ========================
2020-06-19 12:25:12 info: App just started. Calling the Telegram BOT
2020-06-19 12:25:12 info: App listening to port 9999
2020-06-19 12:25:24 info: [object Object]
2020-06-19 12:27:14 info: [object Object]
2020-06-19 12:29:21 info: [object Object]
2020-06-19 12:31:00 info: [object Object]
2020-06-19 12:32:21 info: Received kill signal, shutting down gracefully
2020-06-19 12:32:25 info: // STARTING APP
2020-06-19 12:32:25 info: // ========================
2020-06-19 12:32:25 info: App just started. Calling the Telegram BOT
2020-06-19 12:32:25 info: App listening to port 9999
2020-06-19 12:36:01 info: [object Object]
2020-06-19 12:36:18 info: Received kill signal, shutting down gracefully
2020-06-19 12:36:19 info: // STARTING APP
2020-06-19 12:36:19 info: // ========================
2020-06-19 12:36:19 info: App just started. Calling the Telegram BOT
2020-06-19 12:36:19 info: App listening to port 9999
2020-06-19 12:39:55 info: Received kill signal, shutting down gracefully
2020-06-19 12:39:56 info: // STARTING APP
2020-06-19 12:39:56 info: // ========================
2020-06-19 12:39:56 info: App just started. Calling the Telegram BOT
2020-06-19 12:39:56 info: App listening to port 9999
2020-06-19 12:42:35 info: Received kill signal, shutting down gracefully
2020-06-19 12:42:36 info: // STARTING APP
2020-06-19 12:42:36 info: // ========================
2020-06-19 12:42:36 info: App just started. Calling the Telegram BOT
2020-06-19 12:42:36 info: App listening to port 9999
2020-06-19 12:51:23 info: Received kill signal, shutting down gracefully
2020-06-19 12:51:25 info: // STARTING APP
2020-06-19 12:51:25 info: // ========================
2020-06-19 12:51:25 info: App just started. Calling the Telegram BOT
2020-06-19 12:51:25 info: App listening to port 9999
2020-06-19 12:51:34 info: Received kill signal, shutting down gracefully
2020-06-19 12:51:35 info: // STARTING APP
2020-06-19 12:51:35 info: // ========================
2020-06-19 12:51:35 info: App just started. Calling the Telegram BOT
2020-06-19 12:51:35 info: App listening to port 9999
2020-06-19 12:56:09 info: Received kill signal, shutting down gracefully
2020-06-19 12:56:10 info: // STARTING APP
2020-06-19 12:56:10 info: // ========================
2020-06-19 12:56:10 info: App just started. Calling the Telegram BOT
2020-06-19 12:56:11 info: App listening to port 9999
2020-06-19 12:56:15 info: Received kill signal, shutting down gracefully
2020-06-19 12:56:20 info: // STARTING APP
2020-06-19 12:56:20 info: // ========================
2020-06-19 12:56:20 info: App just started. Calling the Telegram BOT
2020-06-19 12:56:20 info: App listening to port 9999
2020-06-19 12:56:24 info: Received kill signal, shutting down gracefully
2020-06-19 12:56:26 info: // STARTING APP
2020-06-19 12:56:26 info: // ========================
2020-06-19 12:56:26 info: App just started. Calling the Telegram BOT
2020-06-19 12:56:26 info: App listening to port 9999
2020-06-19 13:16:58 info: Received kill signal, shutting down gracefully
2020-06-19 13:17:26 info: // STARTING APP
2020-06-19 13:17:26 info: // ========================
2020-06-19 13:17:26 info: App just started. Calling the Telegram BOT
2020-06-19 13:17:26 info: App listening to port 9999
2020-06-19 14:16:49 info: Received kill signal, shutting down gracefully
2020-06-19 14:16:51 info: // STARTING APP
2020-06-19 14:16:51 info: // ========================
2020-06-19 14:16:51 info: App just started. Calling the Telegram BOT
2020-06-19 14:16:51 info: App listening to port 9999
2020-07-06 10:53:15 info: // STARTING APP
2020-07-06 10:53:15 info: // ========================
2020-07-06 10:53:15 info: App just started. Calling the Telegram BOT
2020-07-06 10:53:15 info: App listening to port 9999
2020-07-06 11:16:53 info: Received kill signal, shutting down gracefully
2020-07-06 11:36:46 info: // STARTING APP
2020-07-06 11:36:46 info: // ========================
2020-07-06 11:36:46 info: App just started. Calling the Telegram BOT
2020-07-06 11:36:46 info: App listening to port 9999
2020-07-06 11:37:28 info: Received kill signal, shutting down gracefully
2020-07-06 11:37:29 info: // STARTING APP
2020-07-06 11:37:29 info: // ========================
2020-07-06 11:37:29 info: App just started. Calling the Telegram BOT
2020-07-06 11:37:29 info: App listening to port 9999
2020-07-06 11:38:41 info: Received kill signal, shutting down gracefully
2020-07-06 11:39:05 info: // STARTING APP
2020-07-06 11:39:05 info: // ========================
2020-07-06 11:39:05 info: App just started. Calling the Telegram BOT
2020-07-06 11:39:05 info: App listening to port 9999
2020-07-06 11:45:20 info: Received kill signal, shutting down gracefully
2020-07-06 11:45:21 info: // STARTING APP
2020-07-06 11:45:21 info: // ========================
2020-07-06 11:45:21 info: App just started. Calling the Telegram BOT
2020-07-06 11:45:21 info: App listening to port 9999
2020-07-06 11:48:32 info: Received kill signal, shutting down gracefully
2020-07-06 11:48:33 info: // STARTING APP
2020-07-06 11:48:33 info: // ========================
2020-07-06 11:48:33 info: App just started. Calling the Telegram BOT
2020-07-06 11:48:33 info: App listening to port 9999
2020-07-06 11:49:40 info: Received kill signal, shutting down gracefully
2020-07-06 11:49:41 info: // STARTING APP
2020-07-06 11:49:41 info: // ========================
2020-07-06 11:49:41 info: App just started. Calling the Telegram BOT
2020-07-06 11:49:41 info: App listening to port 9999
2020-07-06 11:50:15 info: Received kill signal, shutting down gracefully
2020-07-06 11:50:29 info: // STARTING APP
2020-07-06 11:50:29 info: // ========================
2020-07-06 11:50:29 info: App just started. Calling the Telegram BOT
2020-07-06 11:50:29 info: App listening to port 9999
2020-07-06 11:51:58 info: Received kill signal, shutting down gracefully
2020-07-06 11:52:40 info: // STARTING APP
2020-07-06 11:52:40 info: // ========================
2020-07-06 11:52:40 info: App just started. Calling the Telegram BOT
2020-07-06 11:52:40 info: App listening to port 9999
2020-07-06 11:54:06 info: Received kill signal, shutting down gracefully
2020-07-06 11:54:30 info: // STARTING APP
2020-07-06 11:54:30 info: // ========================
2020-07-06 11:54:30 info: App just started. Calling the Telegram BOT
2020-07-06 11:54:30 info: App listening to port 9999
2020-07-06 11:56:19 info: Received kill signal, shutting down gracefully
2020-07-06 11:56:22 info: // STARTING APP
2020-07-06 11:56:22 info: // ========================
2020-07-06 11:56:22 info: App just started. Calling the Telegram BOT
2020-07-06 11:56:22 info: App listening to port 9999
2020-07-06 11:56:49 info: Received kill signal, shutting down gracefully
2020-07-06 11:56:51 info: // STARTING APP
2020-07-06 11:56:51 info: // ========================
2020-07-06 11:56:51 info: App just started. Calling the Telegram BOT
2020-07-06 11:56:51 info: App listening to port 9999
2020-07-06 11:57:19 info: Received kill signal, shutting down gracefully
2020-07-06 11:57:19 info: // STARTING APP
2020-07-06 11:57:19 info: // ========================
2020-07-06 11:57:19 info: App just started. Calling the Telegram BOT
2020-07-06 11:57:19 info: App listening to port 9999
2020-07-06 11:59:00 info: Received kill signal, shutting down gracefully
2020-07-06 11:59:03 info: // STARTING APP
2020-07-06 11:59:03 info: // ========================
2020-07-06 11:59:03 info: App just started. Calling the Telegram BOT
2020-07-06 11:59:03 info: App listening to port 9999
2020-07-06 11:59:26 info: Received kill signal, shutting down gracefully
2020-07-06 11:59:27 info: // STARTING APP
2020-07-06 11:59:27 info: // ========================
2020-07-06 11:59:27 info: App just started. Calling the Telegram BOT
2020-07-06 11:59:27 info: App listening to port 9999
2020-07-06 12:00:44 info: Received kill signal, shutting down gracefully
2020-07-06 12:00:44 info: // STARTING APP
2020-07-06 12:00:45 info: // ========================
2020-07-06 12:00:45 info: App just started. Calling the Telegram BOT
2020-07-06 12:00:45 info: App listening to port 9999
2020-07-06 12:01:14 info: Received kill signal, shutting down gracefully
2020-07-06 12:01:15 info: // STARTING APP
2020-07-06 12:01:15 info: // ========================
2020-07-06 12:01:15 info: App just started. Calling the Telegram BOT
2020-07-06 12:01:15 info: App listening to port 9999
2020-07-06 12:01:36 info: Received kill signal, shutting down gracefully
2020-07-06 12:01:37 info: // STARTING APP
2020-07-06 12:01:37 info: // ========================
2020-07-06 12:01:37 info: App just started. Calling the Telegram BOT
2020-07-06 12:01:37 info: App listening to port 9999
2020-07-06 12:04:14 info: Received kill signal, shutting down gracefully
2020-07-06 12:04:16 info: // STARTING APP
2020-07-06 12:04:16 info: // ========================
2020-07-06 12:04:16 info: App just started. Calling the Telegram BOT
2020-07-06 12:04:16 info: App listening to port 9999
2020-07-06 12:04:44 info: Received kill signal, shutting down gracefully
2020-07-06 12:04:46 info: // STARTING APP
2020-07-06 12:04:46 info: // ========================
2020-07-06 12:04:46 info: App just started. Calling the Telegram BOT
2020-07-06 12:04:46 info: App listening to port 9999
2020-07-06 12:05:19 info: Received kill signal, shutting down gracefully
